<?xml version="1.0" encoding="UTF-8"?>
<!-- Generated by org.testng.reporters.JUnitReportReporter -->
<testsuite hostname="Prakashs-PC" name="com.capgemini.corejava.Facebooklogintest" tests="1" failures="0" timestamp="26 Jul 2015 11:01:16 GMT" time="3.563" errors="0">
  <testcase name="loginintofacebook" time="3.563" classname="com.capgemini.corejava.Facebooklogintest"/>
</testsuite> <!-- com.capgemini.corejava.Facebooklogintest -->
