<?xml version="1.0" encoding="UTF-8"?>
<!-- Generated by org.testng.reporters.JUnitReportReporter -->
<testsuite hostname="Prakashs-PC" name="com.capgemini.corejava.TestNGSampleFromNet" tests="2" failures="0" timestamp="25 Jul 2015 11:42:29 GMT" time="0.019" errors="0">
  <testcase name="C" time="0.006" classname="com.capgemini.corejava.TestNGSampleFromNet"/>
  <testcase name="B" time="0.013" classname="com.capgemini.corejava.TestNGSampleFromNet"/>
</testsuite> <!-- com.capgemini.corejava.TestNGSampleFromNet -->
